SF:lib/board/board_model.dart
DA:1,3
DA:6,1
DA:8,1
DA:9,4
DA:12,3
DA:14,1
DA:15,3
LF:7
LH:7
end_of_record
SF:lib/game/ai_stream.dart
DA:13,2
DA:14,2
DA:15,4
DA:18,1
DA:20,3
DA:22,3
DA:23,3
DA:24,1
DA:25,2
DA:29,2
DA:30,4
DA:31,8
DA:33,1
DA:37,1
DA:38,1
DA:39,2
DA:41,2
DA:44,6
LF:18
LH:18
end_of_record
SF:lib/game/game_move.dart
DA:7,2
LF:1
LH:1
end_of_record
SF:lib/home_screen.dart
DA:7,2
DA:9,1
DA:10,1
DA:13,2
DA:14,2
DA:15,2
DA:16,2
DA:18,2
DA:19,2
DA:21,2
DA:23,2
DA:24,4
LF:12
LH:12
end_of_record
SF:lib/main.dart
DA:7,0
DA:8,0
DA:12,2
DA:14,2
DA:15,2
DA:17,2
DA:18,6
DA:19,3
DA:21,2
DA:22,2
LF:10
LH:8
end_of_record
SF:lib/board/board.dart
DA:10,1
DA:12,1
DA:14,1
DA:15,1
DA:16,1
DA:17,1
DA:21,1
DA:22,1
DA:27,1
DA:28,1
DA:30,3
DA:31,3
DA:32,2
DA:33,3
DA:34,2
LF:15
LH:15
end_of_record
SF:lib/board/tap_button.dart
DA:7,1
DA:13,1
DA:17,2
DA:21,2
DA:25,1
DA:26,1
DA:27,1
DA:28,1
DA:29,1
LF:9
LH:9
end_of_record
SF:lib/board/board_screen.dart
DA:14,1
DA:15,1
DA:16,1
DA:18,1
DA:19,1
DA:27,1
DA:29,4
DA:30,4
DA:31,5
DA:32,2
DA:33,2
DA:34,1
DA:37,1
DA:38,2
DA:39,2
DA:43,1
DA:44,1
DA:45,2
DA:49,1
DA:51,1
DA:52,1
DA:53,1
DA:54,1
DA:55,1
DA:56,1
DA:57,2
DA:58,3
DA:59,1
DA:60,2
DA:61,2
DA:62,1
DA:70,1
DA:72,2
DA:73,2
DA:74,2
DA:75,1
LF:36
LH:36
end_of_record
SF:lib/game/game_model.dart
DA:9,1
DA:10,1
DA:11,2
DA:12,1
DA:15,1
DA:16,1
DA:17,5
DA:19,0
DA:23,1
DA:24,1
DA:27,1
DA:28,1
LF:12
LH:11
end_of_record
SF:lib/game/game_state.dart
DA:7,1
DA:9,1
DA:11,1
DA:12,1
DA:14,1
DA:17,1
DA:18,2
DA:19,1
DA:20,3
DA:24,1
DA:26,5
DA:27,6
DA:28,6
LF:13
LH:13
end_of_record
SF:lib/shared/screen_container.dart
DA:5,2
DA:6,2
DA:8,6
LF:3
LH:3
end_of_record
